14.01.2024 - 05:01:41 - [TAB v4.1.1] Something just tried to add player INDxRapid into team CIT-e7f1f3591545 (expected team: 7INDxRapidA)
14.01.2024 - 05:16:18 - [TAB v4.1.1] Something just tried to add player INDxRapid into team CIT-e7f1f3591545 (expected team: 7INDxRapidA)
14.01.2024 - 05:31:51 - [TAB v4.1.1] Something just tried to add player INDxRapid into team CIT-e7f1f3591545 (expected team: 7INDxRapidA)
14.01.2024 - 05:49:24 - [TAB v4.1.1] Something just tried to add player INDxRapid into team CIT-e7f1f3591545 (expected team: 7INDxRapidA)
14.01.2024 - 05:53:57 - [TAB v4.1.1] Something just tried to add player INDxRapid into team CIT-e7f1f3591545 (expected team: 6INDxRapidA)
14.01.2024 - 06:11:34 - [TAB v4.1.1] Something just tried to add player INDxRapid into team CIT-e7f1f3591545 (expected team: 0INDxRapidA)
14.01.2024 - 06:52:24 - [TAB v4.1.1] Something just tried to add player INDxRapid into team CIT-e7f1f3591545 (expected team: 0INDxRapidA)
14.01.2024 - 06:58:31 - [TAB v4.1.1] Something just tried to add player INDxRapid into team CIT-e7f1f3591545 (expected team: 0INDxRapidA)
14.01.2024 - 07:17:37 - [TAB v4.1.1] Something just tried to add player INDxRapid into team CIT-e7f1f3591545 (expected team: 0INDxRapidA)
14.01.2024 - 16:30:47 - [TAB v4.1.1] Something just tried to add player GamingBdMf into team CIT-9ed4c029627e (expected team: 6GamingBdMfA)
15.01.2024 - 01:29:19 - [TAB v4.1.1] Something just tried to add player GamingBdMf into team CIT-9ed4c029627e (expected team: 0GamingBdMfA)
15.01.2024 - 01:46:09 - [TAB v4.1.1] Something just tried to add player GamingBdMf into team CIT-9ed4c029627e (expected team: 0GamingBdMfA)
09.02.2024 - 10:21:46 - [TAB v4.1.1] Something just tried to add player GamingBdMf into team team2 (expected team: 7GamingBdMfA)
09.02.2024 - 10:21:46 - [TAB v4.1.1] Something just tried to add player GamingBdMf into team team1 (expected team: 7GamingBdMfA)
09.02.2024 - 10:21:46 - [TAB v4.1.1] Something just tried to add player BlastarHuMai into team team1 (expected team: 6BlastarHuMaiA)
09.02.2024 - 10:21:46 - [TAB v4.1.1] Something just tried to add player BlastarHuMai into team team2 (expected team: 6BlastarHuMaiA)
09.02.2024 - 10:28:49 - [TAB v4.1.1] Something just tried to add player SBXD_9x into team team2 (expected team: 6SBXD_9xA)
09.02.2024 - 10:28:49 - [TAB v4.1.1] Something just tried to add player SBXD_9x into team team1 (expected team: 6SBXD_9xA)
09.02.2024 - 10:28:49 - [TAB v4.1.1] Something just tried to add player BlastarHuMai into team team1 (expected team: 6BlastarHuMaiA)
09.02.2024 - 10:28:49 - [TAB v4.1.1] Something just tried to add player BlastarHuMai into team team2 (expected team: 6BlastarHuMaiA)
09.02.2024 - 10:33:03 - [TAB v4.1.1] Something just tried to add player BlastarHuMai into team team1 (expected team: 6BlastarHuMaiA)
09.02.2024 - 10:33:03 - [TAB v4.1.1] Something just tried to add player BlastarHuMai into team team2 (expected team: 6BlastarHuMaiA)
09.02.2024 - 10:33:03 - [TAB v4.1.1] Something just tried to add player SBXD_9x into team team2 (expected team: 6SBXD_9xA)
09.02.2024 - 10:33:03 - [TAB v4.1.1] Something just tried to add player SBXD_9x into team team1 (expected team: 6SBXD_9xA)
09.02.2024 - 10:39:14 - [TAB v4.1.1] Something just tried to add player masternoob into team team1 (expected team: 6masternoobA)
09.02.2024 - 10:39:14 - [TAB v4.1.1] Something just tried to add player masternoob into team team2 (expected team: 6masternoobA)
09.02.2024 - 10:39:14 - [TAB v4.1.1] Something just tried to add player SBXD_9x into team team2 (expected team: 6SBXD_9xA)
09.02.2024 - 10:39:14 - [TAB v4.1.1] Something just tried to add player SBXD_9x into team team1 (expected team: 6SBXD_9xA)
